 Network new-kmnr-website_frontend  Creating
 Network new-kmnr-website_frontend  Created
 Network new-kmnr-website_backend  Creating
 Network new-kmnr-website_backend  Created
 Container kmnr-frontend  Creating
 Container kmnr-database  Creating
 Container kmnr-backend  Creating
 Container kmnr-frontend  Created
 Container kmnr-backend  Created
 Container kmnr-database  Created
[92m        ⦿ [0mWatch enabled
Attaching to kmnr-backend, kmnr-database, kmnr-frontend
kmnr-database  | 2025-10-13 20:03:24+00:00 [Note] [Entrypoint]: Entrypoint script for MariaDB Server 1:11.8.3+maria~ubu2404 started.
kmnr-database  | 2025-10-13 20:03:24+00:00 [Warn] [Entrypoint]: /sys/fs/cgroup///memory.pressure not writable, functionality unavailable to MariaDB
kmnr-database  | 2025-10-13 20:03:24+00:00 [Note] [Entrypoint]: Switching to dedicated user 'mysql'
kmnr-frontend  | 
kmnr-frontend  | > kwip2@0.0.0 start-docker
kmnr-frontend  | > ng serve --host 0.0.0.0
kmnr-frontend  | 
kmnr-database  | 2025-10-13 20:03:24+00:00 [Note] [Entrypoint]: Entrypoint script for MariaDB Server 1:11.8.3+maria~ubu2404 started.
kmnr-database  | 2025-10-13 20:03:24+00:00 [Note] [Entrypoint]: Initializing database files
kmnr-database  | 2025-10-13 20:03:24 0 [Warning] mariadbd: io_uring_queue_init() failed with EPERM: sysctl kernel.io_uring_disabled has the value 2, or 1 and the user of the process is not a member of sysctl kernel.io_uring_group. (see man 2 io_uring_setup).
kmnr-database  | create_uring failed: falling back to libaio
kmnr-frontend  | 
kmnr-frontend  | Warning: This is a simple server for use in testing or debugging Angular applications
kmnr-frontend  | locally. It hasn't been reviewed for security issues.
kmnr-frontend  | 
kmnr-frontend  | Binding this server to an open connection can result in compromising your application or
kmnr-frontend  | computer. Using a different host than the one passed to the "--host" flag might result in
kmnr-frontend  | websocket connection issues. You might need to use "--disable-host-check" if that's the
kmnr-frontend  | case.
kmnr-frontend  |     
kmnr-backend   | Loading .env environment variables...
kmnr-backend   |  * Debug mode: on
kmnr-backend   | [31m[1mWARNING: This is a development server. Do not use it in a production deployment. Use a production WSGI server instead.[0m
kmnr-backend   |  * Running on all addresses (0.0.0.0)
kmnr-backend   |  * Running on http://127.0.0.1:5000
kmnr-backend   |  * Running on http://172.21.0.3:5000
kmnr-backend   | [33mPress CTRL+C to quit[0m
kmnr-backend   |  * Restarting with stat
kmnr-frontend  | - Generating browser application bundles (phase: setup)...
kmnr-database  | 2025-10-13 20:03:25+00:00 [Note] [Entrypoint]: Database files initialized
kmnr-database  | 2025-10-13 20:03:25+00:00 [Note] [Entrypoint]: Starting temporary server
kmnr-database  | 2025-10-13 20:03:25+00:00 [Note] [Entrypoint]: Waiting for server startup
kmnr-database  | 2025-10-13 20:03:25 0 [Note] Starting MariaDB 11.8.3-MariaDB-ubu2404 source revision b565b3e7e041c480fd8013e3beec6b99544d6bf8 server_uid Csp/ct34MPLFEq+wxf4PZSsYXaI= as process 92
kmnr-database  | 2025-10-13 20:03:25 0 [Note] InnoDB: Compressed tables use zlib 1.3
kmnr-database  | 2025-10-13 20:03:25 0 [Note] InnoDB: Number of transaction pools: 1
kmnr-database  | 2025-10-13 20:03:25 0 [Note] InnoDB: Using ARMv8 crc32 + pmull instructions
kmnr-database  | 2025-10-13 20:03:25 0 [Warning] mariadbd: io_uring_queue_init() failed with EPERM: sysctl kernel.io_uring_disabled has the value 2, or 1 and the user of the process is not a member of sysctl kernel.io_uring_group. (see man 2 io_uring_setup).
kmnr-database  | create_uring failed: falling back to libaio
kmnr-database  | 2025-10-13 20:03:25 0 [Note] InnoDB: Using Linux native AIO
kmnr-database  | 2025-10-13 20:03:25 0 [Note] InnoDB: innodb_buffer_pool_size_max=128m, innodb_buffer_pool_size=128m
kmnr-database  | 2025-10-13 20:03:25 0 [Note] InnoDB: Completed initialization of buffer pool
kmnr-database  | 2025-10-13 20:03:25 0 [Note] InnoDB: File system buffers for log disabled (block size=512 bytes)
kmnr-database  | 2025-10-13 20:03:25 0 [Note] InnoDB: End of log at LSN=46300
kmnr-database  | 2025-10-13 20:03:25 0 [Note] InnoDB: Opened 3 undo tablespaces
kmnr-database  | 2025-10-13 20:03:25 0 [Note] InnoDB: 128 rollback segments in 3 undo tablespaces are active.
kmnr-database  | 2025-10-13 20:03:25 0 [Note] InnoDB: Setting file './ibtmp1' size to 12.000MiB. Physically writing the file full; Please wait ...
kmnr-database  | 2025-10-13 20:03:25 0 [Note] InnoDB: File './ibtmp1' size is now 12.000MiB.
kmnr-database  | 2025-10-13 20:03:25 0 [Note] InnoDB: log sequence number 46300; transaction id 14
kmnr-database  | 2025-10-13 20:03:25 0 [Note] Plugin 'FEEDBACK' is disabled.
kmnr-database  | 2025-10-13 20:03:25 0 [Note] Plugin 'wsrep-provider' is disabled.
kmnr-backend   |  * Debugger is active!
kmnr-backend   |  * Debugger PIN: 271-747-361
kmnr-database  | 2025-10-13 20:03:26 0 [Note] mariadbd: Event Scheduler: Loaded 0 events
kmnr-database  | 2025-10-13 20:03:26 0 [Note] mariadbd: ready for connections.
kmnr-database  | Version: '11.8.3-MariaDB-ubu2404'  socket: '/run/mysqld/mysqld.sock'  port: 0  mariadb.org binary distribution
kmnr-database  | 2025-10-13 20:03:26+00:00 [Note] [Entrypoint]: Temporary server started.
kmnr-database  | 2025-10-13 20:03:26+00:00 [Note] [Entrypoint]: Securing system users (equivalent to running mysql_secure_installation)
kmnr-database  | 
kmnr-database  | 2025-10-13 20:03:26+00:00 [Note] [Entrypoint]: /usr/local/bin/docker-entrypoint.sh: running /docker-entrypoint-initdb.d/0_00_setup.sql
kmnr-database  | 
kmnr-database  | 
kmnr-database  | 2025-10-13 20:03:26+00:00 [Note] [Entrypoint]: /usr/local/bin/docker-entrypoint.sh: running /docker-entrypoint-initdb.d/1_00_sample_data.sql
kmnr-database  | 
kmnr-database  | 
kmnr-database  | 2025-10-13 20:03:26+00:00 [Note] [Entrypoint]: Stopping temporary server
kmnr-database  | 2025-10-13 20:03:26 0 [Note] mariadbd (initiated by: unknown): Normal shutdown
kmnr-database  | 2025-10-13 20:03:26 0 [Note] InnoDB: FTS optimize thread exiting.
kmnr-database  | 2025-10-13 20:03:26 0 [Note] InnoDB: Starting shutdown...
kmnr-database  | 2025-10-13 20:03:26 0 [Note] InnoDB: Dumping buffer pool(s) to /var/lib/mysql/ib_buffer_pool
kmnr-database  | 2025-10-13 20:03:26 0 [Note] InnoDB: Buffer pool(s) dump completed at 251013 20:03:26
kmnr-database  | 2025-10-13 20:03:26 0 [Note] InnoDB: Removed temporary tablespace data file: "./ibtmp1"
kmnr-database  | 2025-10-13 20:03:26 0 [Note] InnoDB: Shutdown completed; log sequence number 102283; transaction id 87
kmnr-database  | 2025-10-13 20:03:26 0 [Note] mariadbd: Shutdown complete
kmnr-database  | 2025-10-13 20:03:26+00:00 [Note] [Entrypoint]: Temporary server stopped
kmnr-database  | 
kmnr-database  | 2025-10-13 20:03:26+00:00 [Note] [Entrypoint]: MariaDB init process done. Ready for start up.
kmnr-database  | 
kmnr-database  | 2025-10-13 20:03:26 0 [Note] Starting MariaDB 11.8.3-MariaDB-ubu2404 source revision b565b3e7e041c480fd8013e3beec6b99544d6bf8 server_uid Csp/ct34MPLFEq+wxf4PZSsYXaI= as process 1
kmnr-database  | 2025-10-13 20:03:26 0 [Note] InnoDB: Compressed tables use zlib 1.3
kmnr-database  | 2025-10-13 20:03:26 0 [Note] InnoDB: Number of transaction pools: 1
kmnr-database  | 2025-10-13 20:03:26 0 [Note] InnoDB: Using ARMv8 crc32 + pmull instructions
kmnr-database  | 2025-10-13 20:03:26 0 [Warning] mariadbd: io_uring_queue_init() failed with EPERM: sysctl kernel.io_uring_disabled has the value 2, or 1 and the user of the process is not a member of sysctl kernel.io_uring_group. (see man 2 io_uring_setup).
kmnr-database  | create_uring failed: falling back to libaio
kmnr-database  | 2025-10-13 20:03:26 0 [Note] InnoDB: Using Linux native AIO
kmnr-database  | 2025-10-13 20:03:26 0 [Note] InnoDB: innodb_buffer_pool_size_max=128m, innodb_buffer_pool_size=128m
kmnr-database  | 2025-10-13 20:03:26 0 [Note] InnoDB: Completed initialization of buffer pool
kmnr-database  | 2025-10-13 20:03:26 0 [Note] InnoDB: File system buffers for log disabled (block size=512 bytes)
kmnr-database  | 2025-10-13 20:03:26 0 [Note] InnoDB: End of log at LSN=102283
kmnr-database  | 2025-10-13 20:03:26 0 [Note] InnoDB: Opened 3 undo tablespaces
kmnr-database  | 2025-10-13 20:03:26 0 [Note] InnoDB: 128 rollback segments in 3 undo tablespaces are active.
kmnr-database  | 2025-10-13 20:03:26 0 [Note] InnoDB: Setting file './ibtmp1' size to 12.000MiB. Physically writing the file full; Please wait ...
kmnr-database  | 2025-10-13 20:03:26 0 [Note] InnoDB: File './ibtmp1' size is now 12.000MiB.
kmnr-database  | 2025-10-13 20:03:26 0 [Note] InnoDB: log sequence number 102283; transaction id 88
kmnr-database  | 2025-10-13 20:03:26 0 [Note] Plugin 'FEEDBACK' is disabled.
kmnr-database  | 2025-10-13 20:03:26 0 [Note] Plugin 'wsrep-provider' is disabled.
kmnr-database  | 2025-10-13 20:03:26 0 [Note] InnoDB: Loading buffer pool(s) from /var/lib/mysql/ib_buffer_pool
kmnr-database  | 2025-10-13 20:03:26 0 [Note] InnoDB: Buffer pool(s) load completed at 251013 20:03:26
kmnr-database  | 2025-10-13 20:03:27 0 [Note] Server socket created on IP: '0.0.0.0', port: '3306'.
kmnr-database  | 2025-10-13 20:03:27 0 [Note] Server socket created on IP: '::', port: '3306'.
kmnr-database  | 2025-10-13 20:03:27 0 [Note] mariadbd: Event Scheduler: Loaded 0 events
kmnr-database  | 2025-10-13 20:03:27 0 [Note] mariadbd: ready for connections.
kmnr-database  | Version: '11.8.3-MariaDB-ubu2404'  socket: '/run/mysqld/mysqld.sock'  port: 3306  mariadb.org binary distribution
kmnr-frontend  | ✔ Browser application bundle generation complete.
kmnr-frontend  | 
kmnr-frontend  | Initial Chunk Files   | Names         |  Raw Size
kmnr-frontend  | vendor.js             | vendor        |   2.35 MB |
kmnr-frontend  | polyfills.js          | polyfills     | 331.92 kB |
kmnr-frontend  | styles.css, styles.js | styles        | 229.75 kB |
kmnr-frontend  | main.js               | main          | 147.60 kB |
kmnr-frontend  | runtime.js            | runtime       |   6.51 kB |
kmnr-frontend  | 
kmnr-frontend  | | Initial Total |   3.05 MB
kmnr-frontend  | 
kmnr-frontend  | Build at: 2025-10-13T20:03:31.534Z - Hash: 83ac84dea21fda36 - Time: 6099ms
kmnr-frontend  | 
kmnr-frontend  | ** Angular Live Development Server is listening on 0.0.0.0:4200, open your browser on http://localhost:4200/ **
kmnr-frontend  | 
kmnr-frontend  | 
kmnr-frontend  | ✔ Compiled successfully.
kmnr-frontend  | ✔ Browser application bundle generation complete.
kmnr-frontend  | 
kmnr-frontend  | 5 unchanged chunks
kmnr-frontend  | 
kmnr-frontend  | Build at: 2025-10-13T20:03:31.823Z - Hash: 83ac84dea21fda36 - Time: 203ms
kmnr-frontend  | 
kmnr-frontend  | ✔ Compiled successfully.
kmnr-database  | 2025-10-13 20:03:59 0 [Note] mariadbd (initiated by: unknown): Normal shutdown
kmnr-database  | 2025-10-13 20:03:59 0 [Note] InnoDB: FTS optimize thread exiting.
kmnr-database  | 2025-10-13 20:03:59 0 [Note] InnoDB: Starting shutdown...
kmnr-database  | 2025-10-13 20:03:59 0 [Note] InnoDB: Dumping buffer pool(s) to /var/lib/mysql/ib_buffer_pool
kmnr-database  | 2025-10-13 20:03:59 0 [Note] InnoDB: Buffer pool(s) dump completed at 251013 20:03:59
kmnr-database  | 2025-10-13 20:04:00 0 [Note] InnoDB: Removed temporary tablespace data file: "./ibtmp1"
kmnr-database  | 2025-10-13 20:04:00 0 [Note] InnoDB: Shutdown completed; log sequence number 109811; transaction id 89
kmnr-database  | 2025-10-13 20:04:00 0 [Note] mariadbd: Shutdown complete
[Kkmnr-backend exited with code 0
[Kkmnr-database exited with code 0
kmnr-frontend  | npm error path /app
kmnr-frontend  | npm error command failed
kmnr-frontend  | npm error signal SIGTERM
kmnr-frontend  | npm error command sh -c ng serve --host 0.0.0.0
kmnr-frontend  | npm error A complete log of this run can be found in: /root/.npm/_logs/2025-10-13T20_03_24_291Z-debug-0.log
[Kkmnr-frontend exited with code 1
[92m               ⦿ [0mWatch disabled
