Loading .env environment variables...
✅ Playlist endpoints loaded successfully
❌ Failed to load Apple Music endpoints: No module named 'jwt'
 * Serving Flask app 'app'
 * Debug mode: on
[31m[1mWARNING: This is a development server. Do not use it in a production deployment. Use a production WSGI server instead.[0m
 * Running on all addresses (0.0.0.0)
 * Running on http://127.0.0.1:5001
 * Running on http://192.168.4.46:5001
[33mPress CTRL+C to quit[0m
 * Restarting with stat
 * Debugger is active!
 * Debugger PIN: 110-480-146
127.0.0.1 - - [27/Oct/2025 16:26:44] "GET /data HTTP/1.1" 200 -
 * Detected change in '/Users/ctk/Programming/School/Fall 2025/New-KMNR-Website/backend/endpoints/spotify.py', reloading
✅ Playlist endpoints loaded successfully
❌ Failed to load Apple Music endpoints: No module named 'jwt'
 * Restarting with stat
 * Debugger is active!
 * Debugger PIN: 110-480-146
 * Detected change in '/Users/ctk/Programming/School/Fall 2025/New-KMNR-Website/backend/app.py', reloading
✅ Playlist endpoints loaded successfully
❌ Failed to load Apple Music endpoints: No module named 'jwt'
 * Restarting with stat
 * Debugger is active!
 * Debugger PIN: 110-480-146
